<?xml version="1.0" encoding="UTF-8"?>
<!-- Generated by org.testng.reporters.JUnitReportReporter -->
<testsuite skipped="0" hostname="GRVMDEVWKSH214" name="TestSuite.LoginSuite1" tests="1" failures="0" timestamp="25 Apr 2019 10:11:22 GMT" time="30.298" errors="0">
  <testcase name="f" time="30.298" classname="TestSuite.LoginSuite1"/>
</testsuite> <!-- TestSuite.LoginSuite1 -->
